# JRE version: Java(TM) SE Runtime Environment (11.0.2+9) (build 11.0.2+9-LTS)
# Java VM: Java HotSpot(TM) 64-Bit Server VM (11.0.2+9-LTS, mixed mode, tiered, compressed oops, g1 gc, windows-amd64)
Heap:
 garbage-first heap   total 129024K, used 79173K [0x0000000082000000, 0x0000000100000000)
  region size 1024K, 25 young (25600K), 8 survivors (8192K)
 Metaspace       used 55038K, capacity 56494K, committed 56704K, reserved 1097728K
  class space    used 6903K, capacity 7450K, committed 7552K, reserved 1048576K
GC Heap History (10 events):
Event: 1.545 GC heap before
{Heap before GC invocations=1 (full 0):
 garbage-first heap   total 129024K, used 58493K [0x0000000082000000, 0x0000000100000000)
  region size 1024K, 57 young (58368K), 3 survivors (3072K)
 Metaspace       used 20628K, capacity 21123K, committed 21248K, reserved 1069056K
  class space    used 2298K, capacity 2484K, committed 2560K, reserved 1048576K
}
Event: 1.551 GC heap after
{Heap after GC invocations=2 (full 0):
 garbage-first heap   total 129024K, used 7786K [0x0000000082000000, 0x0000000100000000)
  region size 1024K, 6 young (6144K), 6 survivors (6144K)
 Metaspace       used 20628K, capacity 21123K, committed 21248K, reserved 1069056K
  class space    used 2298K, capacity 2484K, committed 2560K, reserved 1048576K
}
Event: 3.596 GC heap before
{Heap before GC invocations=3 (full 0):
 garbage-first heap   total 129024K, used 68202K [0x0000000082000000, 0x0000000100000000)
  region size 1024K, 65 young (66560K), 6 survivors (6144K)
 Metaspace       used 33224K, capacity 33889K, committed 34048K, reserved 1079296K
  class space    used 3800K, capacity 4034K, committed 4096K, reserved 1048576K
}
Event: 3.605 GC heap after
{Heap after GC invocations=4 (full 0):
 garbage-first heap   total 129024K, used 14391K [0x0000000082000000, 0x0000000100000000)
  region size 1024K, 9 young (9216K), 9 survivors (9216K)
 Metaspace       used 33224K, capacity 33889K, committed 34048K, reserved 1079296K
  class space    used 3800K, capacity 4034K, committed 4096K, reserved 1048576K
}
Event: 3.716 GC heap before
{Heap before GC invocations=4 (full 0):
 garbage-first heap   total 129024K, used 21559K [0x0000000082000000, 0x0000000100000000)
  region size 1024K, 17 young (17408K), 9 survivors (9216K)
 Metaspace       used 35109K, capacity 35713K, committed 35840K, reserved 1081344K
  class space    used 4043K, capacity 4258K, committed 4352K, reserved 1048576K
}
Event: 3.726 GC heap after
{Heap after GC invocations=5 (full 0):
 garbage-first heap   total 129024K, used 14579K [0x0000000082000000, 0x0000000100000000)
  region size 1024K, 2 young (2048K), 2 survivors (2048K)
 Metaspace       used 35109K, capacity 35713K, committed 35840K, reserved 1081344K
  class space    used 4043K, capacity 4258K, committed 4352K, reserved 1048576K
}
Event: 4.719 GC heap before
{Heap before GC invocations=6 (full 0):
 garbage-first heap   total 129024K, used 77043K [0x0000000082000000, 0x0000000100000000)
  region size 1024K, 64 young (65536K), 2 survivors (2048K)
 Metaspace       used 48151K, capacity 49051K, committed 49280K, reserved 1091584K
  class space    used 5813K, capacity 6156K, committed 6272K, reserved 1048576K
}
Event: 4.723 GC heap after
{Heap after GC invocations=7 (full 0):
 garbage-first heap   total 129024K, used 18104K [0x0000000082000000, 0x0000000100000000)
  region size 1024K, 5 young (5120K), 5 survivors (5120K)
 Metaspace       used 48151K, capacity 49051K, committed 49280K, reserved 1091584K
  class space    used 5813K, capacity 6156K, committed 6272K, reserved 1048576K
}
Event: 7.331 GC heap before
{Heap before GC invocations=7 (full 0):
 garbage-first heap   total 129024K, used 86712K [0x0000000082000000, 0x0000000100000000)
  region size 1024K, 30 young (30720K), 5 survivors (5120K)
 Metaspace       used 52854K, capacity 54077K, committed 54144K, reserved 1095680K
  class space    used 6498K, capacity 6975K, committed 7040K, reserved 1048576K
}
Event: 7.338 GC heap after
{Heap after GC invocations=8 (full 0):
 garbage-first heap   total 129024K, used 52549K [0x0000000082000000, 0x0000000100000000)
  region size 1024K, 8 young (8192K), 8 survivors (8192K)
 Metaspace       used 52854K, capacity 54077K, committed 54144K, reserved 1095680K
  class space    used 6498K, capacity 6975K, committed 7040K, reserved 1048576K
}

